  File "sample.py", line 14
    async def _on_receive_popularity(self, popularity: int):
            ^
SyntaxError: invalid syntax
  File "sample.py", line 14
    async def _on_receive_popularity(self, popularity: int):
            ^
SyntaxError: invalid syntax
当前人气值：1
当前人气值：1
当前人气值：1
当前人气值：1
1586754194202:23420020:(｀・ω・´)
1586754204833:6903512:（￣▽￣）
1586754211563:23420020:又是培根
当前人气值：1
当前人气值：1
当前人气值：1
当前人气值：1
当前人气值：1
当前人气值：1
当前人气值：1
当前人气值：1
1586754430403:6903512:（￣▽￣）
1586754435244:6903512:(｀・ω・´)
1586754439148:13686891:_(:з」∠)_
当前人气值：1
当前人气值：1
当前人气值：1
1586754542574:166296344:(=・ω・=)
当前人气值：1
当前人气值：1
当前人气值：1
当前人气值：1
当前人气值：1
当前人气值：1
当前人气值：1
当前人气值：1
1586754779059:21970554:(｀・ω・´)
当前人气值：1
1586754792839:23115739:？
当前人气值：1
当前人气值：1
当前人气值：1
1586754887427:350746600:_(:3」∠)_
1586754900136:350746600:中午固定培根
当前人气值：1
当前人气值：1
当前人气值：1
当前人气值：1
当前人气值：1
当前人气值：1
1586755077134:258505449:？
当前人气值：1
当前人气值：1
当前人气值：1
1586755150949:295718147:又是熟悉的培根环节
当前人气值：1
1586755198113:258505449:好多槽点
当前人气值：1
当前人气值：1
当前人气值：1
当前人气值：1
1586755325165:122523924:awsl
当前人气值：1
1586755335396:13686891:草
当前人气值：1
当前人气值：1
1586755394782:19184692:(｀・ω・´)
当前人气值：1
1586755419820:258505449:(=・ω・=)
当前人气值：1
当前人气值：1
1586755481959:84282459:(｀・ω・´)
1586755505588:23420020:_(:3」∠)_
当前人气值：1
当前人气值：1
当前人气值：1
当前人气值：1
当前人气值：1
当前人气值：1
当前人气值：1
当前人气值：1
当前人气值：1
当前人气值：1
当前人气值：1
当前人气值：1
当前人气值：1
当前人气值：1
当前人气值：1
当前人气值：1
当前人气值：1
当前人气值：1
当前人气值：1
当前人气值：1
当前人气值：1
当前人气值：1
当前人气值：1
当前人气值：1
当前人气值：1
1586756239971:122523924:瓜子们领喵喵狐了(▔□▔)/
当前人气值：1
1586756276750:13686891:喵喵狐们领DD了
当前人气值：1
1586756297630:36199358:(｀·ω·´)
1586756308089:19217375:←◡←
当前人气值：1
1586756338070:350746600:_(:3」∠)_
当前人气值：1
当前人气值：1
1586756384304:350746600:挂一上午了还没领完吗_(:3」∠)_
1586756393514:34310060:( ^ · ω· ^ )
当前人气值：1
当前人气值：1
当前人气值：1
1586756486291:259240121:(｀・ω・´)
当前人气值：1
当前人气值：1
当前人气值：1
当前人气值：1
当前人气值：1
当前人气值：1
当前人气值：1
当前人气值：1
当前人气值：1
1586756765303:13686891:awsl
当前人气值：1
当前人气值：1
当前人气值：1
当前人气值：1
1586756881129:295718147:(｀・ω・´)
当前人气值：1
当前人气值：1
当前人气值：1
当前人气值：1
当前人气值：1
当前人气值：1
当前人气值：1
1586757083003:32932293:(｀・ω・´)
1586757094831:250133607:(｀・ω・´)
当前人气值：1
当前人气值：1
当前人气值：1
1586757172616:494796333:(=・ω・=)
当前人气值：1
当前人气值：1
当前人气值：1
当前人气值：1
当前人气值：1
当前人气值：1
当前人气值：1
当前人气值：1
1586757400808:35403727:(=・ω・=)
当前人气值：1
1586757446420:32932293:继续继续
当前人气值：1
当前人气值：1
当前人气值：1
当前人气值：1
1586757568522:400022686:_(:3」∠)_
当前人气值：1
当前人气值：1
1586757633856:19184692:（￣▽￣）
当前人气值：1
当前人气值：1
当前人气值：1
当前人气值：1
当前人气值：1
当前人气值：1
当前人气值：1
当前人气值：1
当前人气值：1
当前人气值：1
当前人气值：1
当前人气值：1
当前人气值：1
当前人气值：1
当前人气值：1
当前人气值：1
当前人气值：1
当前人气值：1
当前人气值：1
当前人气值：1
当前人气值：1
1586758255443:36595222:(｀・ω・´)
当前人气值：1
当前人气值：1
当前人气值：1
当前人气值：1
当前人气值：1
1586758413493:173956764:_(:3」∠)_
当前人气值：1
当前人气值：1
当前人气值：1
当前人气值：1
当前人气值：1
当前人气值：1
当前人气值：1
1586758613205:35798347:(=・ω・=)
当前人气值：1
当前人气值：1
当前人气值：1
当前人气值：1
当前人气值：1
当前人气值：1
1586758790677:23420020:_(:3」∠)_
当前人气值：1
1586758832262:13686891:草
当前人气值：1
1586758840671:173956764:草
当前人气值：1
1586758890446:23420020:我的脑子已经自动告诉我待会会发生什么了
当前人气值：1
1586758901443:400022686:_(:3」∠)_
1586758903596:23420020:_(:3」∠)_
1586758918547:173956764:_(:3」∠)_
当前人气值：1
当前人气值：1
1586758964932:295718147:我也爱喝茶！！
当前人气值：1
1586758991443:23420020:中国人不都喜欢喝茶吗
1586759017930:23420020:_(:3」∠)_
当前人气值：1
1586759041942:173956764:喝茶养生）
当前人气值：1
1586759074724:23420020:不知道该干嘛
当前人气值：1
1586759083145:295718147:看狐狸呗
当前人气值：1
1586759113795:350746600:加群吧
1586759129582:173956764:今天已经看了半天狐狸了
当前人气值：1
1586759149208:13686891:只需翻周报就能找到答案吗……
1586759151996:23420020:我挂了2天3夜了
1586759154639:13686891:_(:з」∠)_
1586759162030:36595222:又想起200q限了wwww
当前人气值：1
1586759171770:23420020:_(:3」∠)_
1586759176185:23420020:q限啊
1586759178240:173956764:我酸昨晚了
1586759188751:23420020:我酸马里奥了
当前人气值：1
1586759213919:36595222:所以群里有多少人了_(:3」∠)_
当前人气值：1
1586759231863:350746600:198了
当前人气值：1
1586759258378:23420020:狐狸 船长 zun 我都不酸 我酸马里奥
1586759278699:39276638:把马里奥砍了
当前人气值：1
1586759289636:36595222:wwwww
1586759296488:173956764:迫害马里奥就对了
1586759305374:23420020:而且马里奥还去24点的谈论会
1586759311551:13686891:刚刚还在玩儿手机版马车w
1586759316311:23420020:我更酸了
当前人气值：1
1586759320106:173956764:_(:3」∠)_
1586759337444:295718147:不过如此.jpg（酸）
1586759339907:23420020:_(:3」∠)_
当前人气值：1
1586759371672:173956764:不过如此（酸）
当前人气值：1
1586759390388:36595222:今晚除了联动还有直播吗(=・ω・=)
1586759406328:23420020:看通知呗
当前人气值：1
1586759418834:164047475:(=・ω・=)
1586759418836:259240121:(｀・ω・´)
1586759433852:173956764:_(:3」∠)_
当前人气值：1
1586759465278:23420020:看着桌面上的动物大逃杀
当前人气值：1
1586759483845:23420020:(｀・ω・´)
当前人气值：1
1586759499995:36595222:狐卫队(｀・ω・´)
当前人气值：1
当前人气值：1
1586759560533:173956764:草
当前人气值：1
当前人气值：1
当前人气值：1
1586759657465:23420020:报个团  跑团去了
1586759664546:23420020:_(:3」∠)_
1586759675693:36595222:╮(￣▽￣)╭
当前人气值：1
1586759693592:173956764:跑团到底是啥，求解
1586759697761:85893300:各位，我5级啦
当前人气值：1
1586759724775:23420020:语言RPG游戏
1586759724860:13686891:睡了 午安
1586759730088:85893300:coc，dnd什么的，我跑coc7贼好
当前人气值：1
1586759744551:36595222:午安_(:3」∠)_
1586759757555:173956764:_(:3」∠)_
1586759757630:23420020:我混乱中立
当前人气值：1
1586759784936:23420020:遇事不决 献祭队友
1586759786054:400022686:(｀・ω・´)
当前人气值：1
1586759815006:269861316:复制粘贴一个fbk抱走(=・ω・=)
1586759817885:23420020:_(:3」∠)_
当前人气值：1
1586759855414:23420020:你复制错了 你刚刚复制的是桃子
当前人气值：1
1586759874471:23420020:_(:3」∠)_
1586759886774:173956764:_(:3」∠)_
当前人气值：1
1586759907963:269861316:痴狐room 11588230 掉线重连中1

1586759912001:13686891:桃子也好（指echo）
当前人气值：1
1586759932700:400022686:又开蟠桃大会了？
1586759932968:173956764:我永远单推小狐狸
1586759938343:400022686:_(:3」∠)_
当前人气值：1
1586759964436:269861316:wjxhbscx bscxwbzlo
当前人气值：1
1586759982447:173956764:_(:3」∠)_
当前人气值：1
当前人气值：1
当前人气值：1
1586760074166:23420020:(｀・ω・´)
1586760084353:269861316:_(:3」∠)_
当前人气值：1
1586760105148:34781571:难道不应该印着猫嘛
1586760116946:34781571:在？为什么是狐狸
当前人气值：1
当前人气值：1
当前人气值：1
1586760216245:350746600:1群里在水群，0群这里也在水
当前人气值：1
1586760233643:178960030:qwq
当前人气值：1
当前人气值：1
当前人气值：1
1586760312801:173956764:_(:3」∠)_
当前人气值：1
当前人气值：1
1586760392069:23420020: _(:3」∠)_
当前人气值：1
1586760408944:400022686:_(:3」∠)_
当前人气值：1
当前人气值：1
当前人气值：1
当前人气值：1
当前人气值：1
1586760575831:259240121:_(:3」∠)_
当前人气值：1
当前人气值：1
当前人气值：1
当前人气值：1
1586760686124:173956764:没事干了
当前人气值：1
当前人气值：1
1586760742168:259240121:）青年大学习
1586760758227:350746600:确实
当前人气值：1
1586760763725:350746600:该收截图了
当前人气值：1
当前人气值：1
当前人气值：1
当前人气值：1
当前人气值：1
1586760910002:295718147:(〜￣△￣)〜
1586760934905:23420020:我做完了
1586760937820:23420020:第九期
当前人气值：1
1586760941659:23420020:_(:3」∠)_
1586760958775:173956764:狐狸有官方粉丝Q群吗
1586760962076:173956764:_(:3」∠)_
当前人气值：1
1586760969404:259240121:（还在刷）
1586760981966:23420020:有 但是要回答问题
1586760985683:259240121:有，今天的周报下面
当前人气值：1
1586761011379:23420020:恕我无能 只知道第一题
1586761020397:173956764:我去看看
1586761024447:173956764:_(:3」∠)_
当前人气值：1
1586761032777:350746600:还差2个人
1586761042349:350746600:快来吧
当前人气值：1
1586761063907:259240121:不知道第一题的我
1586761066241:23420020:人均知道第一题
1586761076023:259240121:233333
1586761084055:23420020:也就只知道第一题
1586761084839:350746600:就我不知道第一题
当前人气值：1
当前人气值：1
1586761141384:259240121:（好像b限来着）
当前人气值：1
1586761177895:23420020:我觉得我了解的太少了 还不配入群（狗头）
当前人气值：1
当前人气值：1
1586761220454:400022686:(･∀･)
1586761236382:350746600:第一题我知道哪个视频哪一段
当前人气值：1
1586761240058:259240121:23333
1586761242756:350746600:但我就是不认识
1586761250880:173956764:好吧我看了题目
1586761257152:23420020:等什么时候我全部都知道了 我再入群
1586761265095:173956764:除了第一题我全不知道
1586761266869:173956764:_(:3」∠)_
当前人气值：1
1586761289516:259240121:草
当前人气值：1
1586761308088:23420020:_(:3」∠)_
当前人气值：1
1586761335539:173956764:第一题那个视频我看过
1586761344837:23420020:我就知道人均只知道第一题
当前人气值：1
1586761384102:23420020:团没报上 只能闲聊
1586761385056:400022686:_(:3」∠)_
1586761385193:259240121:里面有翻推题（）
当前人气值：1
1586761389915:23420020:_(:3」∠)_
当前人气值：1
1586761435029:23420020:混乱中立就这么被人嫌弃吗_(:3」∠)_
1586761440592:173956764:_(:3」∠)_
1586761445299:259240121:_(:3」∠)_
当前人气值：1
1586761455891:259240121:菜 我 菜
1586761473789:173956764:第五题有印象，但我忘了（）
当前人气值：1
1586761480588:259240121:不过康狐狸康的开心就好
1586761502554:259240121:周报有说这个
当前人气值：1
1586761510888:295718147:(^・ω・^ )
1586761536606:173956764:周报里找答案？
当前人气值：1
1586761544438:173956764:_(:3」∠)_
1586761544997:23420020:咸鱼懒得翻 坐等自己哪天全部知道 再入群
当前人气值：1
1586761570869:23420020:现在不知道只能说自己D的不够深
1586761573864:350746600:要不等下周出新题再试试_(:3」∠)_
1586761592158:23420020:等以后D的深了自然就知道了
当前人气值：1
1586761607424:173956764:上周我没时间_(:3」∠)_
1586761609188:259240121:咳，主要有些是以前的
当前人气值：1
1586761635041:23420020:时间我有的是 但是我就是懒
1586761640763:350746600:我翻了半个小时就进群了_(:3」∠)_
1586761641044:23420020:_(:3」∠)_
1586761647467:173956764:老年人了
1586761650094:173956764:_(:3」∠)_
1586761655836:259240121:23333
当前人气值：1
1586761684846:400022686:(｀・ω・´)
当前人气值：1
当前人气值：1
当前人气值：1
1586761755827:23420020:等以后我8道题全答对我就入群（flag）
1586761778246:259240121:23333
当前人气值：1
1586761779656:23420020:_(:3」∠)_
1586761788942:173956764:_(:3」∠)_
1586761804297:350746600:到时候你可以进字幕组了
当前人气值：1
1586761810247:173956764:要是都是昨晚的我基本都会
1586761812395:259240121:草
1586761814040:173956764:_(:3」∠)_
1586761826161:259240121:老实被恰（）
当前人气值：1
1586761849273:23420020:为啥全答对就能进字幕组
1586761865067:23420020:_(:3」∠)_
当前人气值：1
1586761871253:173956764:_(:3」∠)_
1586761889148:173956764:我翻视频去了
1586761896526:259240121:bye
当前人气值：1
当前人气值：1
1586761947138:23420020:来自咸鱼的自信
1586761951924:23420020:_(:3」∠)_
当前人气值：1
1586761986717:400022686:_(:3」∠)_
当前人气值：1
当前人气值：1
当前人气值：1
1586762067801:259240121:可以恰了
当前人气值：1
1586762082449:259240121:（开玩笑的）
当前人气值：1
1586762112983:13686891:下午好(｀・ω・´)
当前人气值：1
当前人气值：1
1586762136519:259240121:下午好
当前人气值：1
当前人气值：1
当前人气值：1
当前人气值：1
当前人气值：1
1586762305682:173956764:回来了（）
当前人气值：1
1586762325760:259240121:好快（）
1586762331570:23420020:这么快
当前人气值：1
1586762345319:173956764:_(:3」∠)_
当前人气值：1
1586762369441:14357419:_(:3」∠)_
1586762376115:173956764:我有种感觉题目涉及车万
1586762385932:173956764:但我没有证据_(:3」∠)_
当前人气值：1
1586762410760:23420020:这一期的周报我没看题目呢
1586762415399:23420020:我去看看
1586762424235:173956764:第三题（）
当前人气值：1
当前人气值：1
1586762470516:173956764:_(:3」∠)_
当前人气值：1
1586762515868:23420020:不是和上一期一样吗？
当前人气值：1
1586762522588:23420020:_(:3」∠)_
1586762539118:173956764: _(:3」∠)_
当前人气值：1
当前人气值：1
1586762595833:23420020:这问题邮编吗
当前人气值：1
1586762636732:23420020:不变的话 那我这辈子都不可能全答对
当前人气值：1
1586762663242:350746600:下周应该变
1586762663822:23420020:也就是我这辈子都入不了群
当前人气值：1
1586762668901:23420020:_(:3」∠)_
1586762682039:259240121:这次是因为宣传了下所以没变
当前人气值：1
1586762717882:173956764:所以我要看两周的周报（）
1586762722358:173956764:_(:3」∠)_
当前人气值：1
1586762728507:259240121:草
1586762733792:23420020:马上就要到迫害祭个环节了 是吧
1586762749305:259240121:233333
1586762754973:259240121:惯例
当前人气值：1
1586762761133:295718147:你们就等着这个环节是不
1586762761824:173956764:下周的问题我觉得我会（）
1586762784017:350746600:一周年没有迫害环节
1586762785374:23420020:脑子：不 你不会(〜￣△￣)〜
当前人气值：1
1586762811811:259240121:233333
当前人气值：1
1586762835530:295718147:我要去睡午觉了，拜拜
当前人气值：1
1586762850140:295718147:(〜￣△￣)〜
1586762869543:23420020:先去把大学习第九期做完再睡
当前人气值：1
1586762890459:23420020:_(:3」∠)_
1586762895916:400022686:_(:3」∠)_
当前人气值：1
1586762908903:4257583:_(:3」∠)_
1586762934045:295718147:魔鬼
当前人气值：1
1586762941378:295718147:╮(￣▽￣)╭
当前人气值：1
当前人气值：1
1586763022948:23420020:_(:3」∠)_
当前人气值：1
1586763041615:173956764:_(:3」∠)_
当前人气值：1
当前人气值：1
当前人气值：1
1586763143107:259240121:_(:3」∠)_
当前人气值：1
当前人气值：1
1586763180834:831947:(｀·ω·´)
1586763195794:173956764:我怕是个假粉
当前人气值：1
当前人气值：1
1586763238873:23420020:_(:3」∠)_
1586763265718:259240121:康狐狸开心就好
当前人气值：1
1586763294890:357688087:我是说
1586763295786:23420020:霸王别祭那一次跑团 有人录了吗？
当前人气值：1
当前人气值：1
当前人气值：1
1586763360918:23420020:_(:3」∠)_
1586763381387:23420020:只看到前面半小时
当前人气值：1
当前人气值：1
1586763426735:259240121:霸王别祭2333
当前人气值：1
1586763460334:23420020:就看不了了
1586763475664:23420020:想知道有没有人录了
当前人气值：1
当前人气值：1
当前人气值：1
当前人气值：1
当前人气值：1
当前人气值：1
当前人气值：1
当前人气值：1
当前人气值：1
当前人气值：1
当前人气值：1
当前人气值：1
1586763808511:350746600:六点好像要玩啥东西
当前人气值：1
1586763844432:466219:( ´_ゝ｀)每天都是同一批人..
1586763860601:208275:我不是狐狸，是猫咪
当前人气值：1
1586763872991:466219:今天有啥直播安排吗？
1586763886472:208275:晚上跟夸联动
当前人气值：1
1586763898441:357688087:啊这
1586763900379:23420020:_(:3」∠)_
1586763904862:466219:梦幻共演
1586763910987:259240121:20:00
1586763926176:259240121:6点，emmm，不知道
当前人气值：1
1586763942373:350746600:五点连麦，六点不知道要干啥，八点绘画联动
当前人气值：1
当前人气值：1
1586764002479:23420020:直播看番吗？
当前人气值：1
1586764030227:466219:3Q 狐狸没有日程表总是会漏看动态
1586764046302:350746600:谷歌生草机翻不出来要干啥
当前人气值：1
1586764048519:259240121:_(:3」∠)_
1586764049176:173956764:_(:3」∠)_
1586764072158:466219:老生草机了
当前人气值：1
当前人气值：1
1586764115135:23420020:(〜￣△￣)〜
1586764128586:466219:在听 猫になりたい  这歌 
当前人气值：1
1586764137903:173956764:真的只会第一题了
1586764139349:466219:不知道狐狸会不会唱_(:3」∠)_
1586764139915:173956764:_(:3」∠)_
1586764155217:23420020:我就猜到人均只知道第一题
当前人气值：1
1586764174290:173956764:那个太草生了
1586764177975:173956764:忘不掉（）
1586764182622:259240121:可惜耐久歌回那么嗨没录
1586764186938:350746600:就我不知道第一题是啥了_(:3」∠)_
当前人气值：1
1586764199543:400022686:_(:3」∠)_
1586764204173:173956764:_(:3」∠)_
1586764216151:259240121:熟肉翻得少（）
当前人气值：1
1586764254836:173956764:题目不是很清楚说了嘛（）
当前人气值：1
1586764267191:173956764:_(:3」∠)_
1586764267763:23420020:直播啃啃生肉还是可以的
1586764280374:466219:2题就能进群？
当前人气值：1
1586764290862:350746600:对
1586764298176:350746600:两道题就行
1586764299434:173956764:两题
1586764302785:466219:那还好
1586764309209:23420020:自我要求高一点 像我要求自己全答对再入群
1586764313909:173956764:我决定去看狐狸的动森
1586764315694:173956764:_(:3」∠)_
当前人气值：1
当前人气值：1
1586764376642:466219:不过加群我估计也不会水群的(;¬_¬)
当前人气值：1
1586764379644:466219:所以还是算了
1586764399465:23420020:主要是现在不怎么用QQ了
1586764401141:350746600:群里就他们几个人水
当前人气值：1
1586764417978:350746600:我还没说过话
1586764424811:23420020:如果是微信群还好点
1586764433277:173956764:不会用微信
当前人气值：1
1586764442941:51815778:群号是多少呀
1586764447685:259240121:233333
1586764452431:23420020:肯定不会用微信啊
1586764456359:51815778:贴贴
1586764462045:259240121:今天的周报有
当前人气值：1
1586764479925:259240121:进去贴青叶不好吗（）
1586764492544:173956764:草
当前人气值：1
1586764527026:51815778:哈哈哈哈
当前人气值：1
当前人气值：1
当前人气值：1
当前人气值：1
当前人气值：1
当前人气值：1
当前人气值：1
当前人气值：1
1586764760678:51815778:我居然找不到群号
当前人气值：1
当前人气值：1
1586764811051:350746600:群号在周报最下吗
当前人气值：1
1586764834860:51815778:很难受
1586764857935:51815778:是吗，可能没注意到
当前人气值：1
1586764879226:51815778:hhhh
1586764885170:259240121:23333
当前人气值：1
当前人气值：1
当前人气值：1
1586764953789:23420020:（￣へ￣）
当前人气值：1
1586765004218:41902799:孔明的陷阱
当前人气值：1
1586765028397:23420020:辣条 好多的辣条
当前人气值：1
当前人气值：1
当前人气值：1
当前人气值：1
当前人气值：1
当前人气值：1
当前人气值：1
当前人气值：1
当前人气值：1
当前人气值：1
1586765326972:400022686:_(:3」∠)_
当前人气值：1
当前人气值：1
当前人气值：1
当前人气值：1
当前人气值：1
当前人气值：1
当前人气值：1
1586765526021:173956764:_(:3」∠)_
当前人气值：1
当前人气值：1
1586765592055:259240121:23333
当前人气值：1
当前人气值：1
当前人气值：1
当前人气值：1
当前人气值：1
当前人气值：1
当前人气值：1
当前人气值：1
当前人气值：1
当前人气值：1
当前人气值：1
当前人气值：1
当前人气值：1
当前人气值：1
当前人气值：1
当前人气值：1
当前人气值：1
当前人气值：1
当前人气值：1
当前人气值：1
当前人气值：1
当前人气值：1
当前人气值：1
当前人气值：1
当前人气值：1
当前人气值：1
当前人气值：1
当前人气值：1
1586766429639:13686891:awsl
当前人气值：1
1586766478322:122523924:awsl
当前人气值：1
1586766490074:259240121:坚持设定（）
当前人气值：1
当前人气值：1
当前人气值：1
当前人气值：1
1586766608737:173956764:刚回来（）
当前人气值：1
当前人气值：1
1586766684975:51815778:小猫咪
当前人气值：1
当前人气值：1
当前人气值：1
当前人气值：1
1586766780095:259240121:中文上手（星响rap）
当前人气值：1
当前人气值：1
当前人气值：1
1586766894492:23420020:开始迫害
当前人气值：1
1586766906596:259240121:迫害时间
1586766908866:173956764:草
当前人气值：1
1586766948250:1498341:草
当前人气值：1
1586766961039:173956764:迫害时间
当前人气值：1
1586766994821:259240121:233333
1586766997428:23420020:毫无感情的捧读机器
当前人气值：1
当前人气值：1
当前人气值：1
1586767098860:350746600:B站真实法外之地
当前人气值：1
1586767117112:122523924:才8点
当前人气值：1
1586767166506:23420020:_(:3」∠)_
当前人气值：1
1586767170973:259240121:23333
1586767176981:259240121:确实（）
当前人气值：1
1586767220988:350746600:昨晚会限都有投稿
当前人气值：1
当前人气值：1
1586767260062:259240121:康见了，23333
当前人气值：1
当前人气值：1
当前人气值：1
1586767371716:1498341:awsl
当前人气值：1
当前人气值：1
当前人气值：1
当前人气值：1
1586767496067:494796333:awsl
当前人气值：1
1586767503234:23420020:(｀・ω・´)
当前人气值：1
1586767541896:259240121:_(:3」∠)_
当前人气值：1
当前人气值：1
当前人气值：1
当前人气值：1
当前人气值：1
当前人气值：1
1586767737892:173956764:_(:3」∠)_
当前人气值：1
当前人气值：1
当前人气值：1
当前人气值：1
当前人气值：1
当前人气值：1
当前人气值：1
当前人气值：1
当前人气值：1
当前人气值：1
当前人气值：1
1586768040973:400022686:_(:3」∠)_
当前人气值：1